<?xml version="1.0" encoding="UTF-8"?>
<testsuite name="kr.kro.hereinkorea.domain.member.MemberRepositoryTest" tests="1" skipped="0" failures="0" errors="0" timestamp="2024-12-09T08:00:56" hostname="JJJ" time="1.214">
  <properties/>
  <testcase name="testSelectMember()" classname="kr.kro.hereinkorea.domain.member.MemberRepositoryTest" time="1.214"/>
  <system-out><![CDATA[17:00:47.661 [Test worker] INFO org.springframework.test.context.support.AnnotationConfigContextLoaderUtils -- Could not detect default configuration classes for test class [kr.kro.hereinkorea.domain.member.MemberRepositoryTest]: MemberRepositoryTest does not declare any static, non-private, non-final, nested classes annotated with @Configuration.
17:00:47.849 [Test worker] INFO org.springframework.boot.test.context.SpringBootTestContextBootstrapper -- Found @SpringBootConfiguration kr.kro.hereinkorea.HereinkoreaApplication for test class kr.kro.hereinkorea.domain.member.MemberRepositoryTest

  .   ____          _            __ _ _
 /\\ / ___'_ __ _ _(_)_ __  __ _ \ \ \ \
( ( )\___ | '_ | '_| | '_ \/ _` | \ \ \ \
 \\/  ___)| |_)| | | | | || (_| |  ) ) ) )
  '  |____| .__|_| |_|_| |_\__, | / / / /
 =========|_|==============|___/=/_/_/_/

 :: Spring Boot ::                (v3.3.3)

2024-12-09T17:00:48.400+09:00  INFO 25640 --- [    Test worker] k.k.h.d.member.MemberRepositoryTest      : Starting MemberRepositoryTest using Java 17.0.6 with PID 25640 (started by USER in C:\Users\USER\project_here_in_korea)
2024-12-09T17:00:48.402+09:00  INFO 25640 --- [    Test worker] k.k.h.d.member.MemberRepositoryTest      : No active profile set, falling back to 1 default profile: "default"
2024-12-09T17:00:49.350+09:00  INFO 25640 --- [    Test worker] .s.d.r.c.RepositoryConfigurationDelegate : Bootstrapping Spring Data JPA repositories in DEFAULT mode.
2024-12-09T17:00:49.433+09:00  INFO 25640 --- [    Test worker] .s.d.r.c.RepositoryConfigurationDelegate : Finished Spring Data repository scanning in 73 ms. Found 4 JPA repository interfaces.
2024-12-09T17:00:50.150+09:00  INFO 25640 --- [    Test worker] o.hibernate.jpa.internal.util.LogHelper  : HHH000204: Processing PersistenceUnitInfo [name: default]
2024-12-09T17:00:50.215+09:00  INFO 25640 --- [    Test worker] org.hibernate.Version                    : HHH000412: Hibernate ORM core version 6.5.2.Final
2024-12-09T17:00:50.278+09:00  INFO 25640 --- [    Test worker] o.h.c.internal.RegionFactoryInitiator    : HHH000026: Second-level cache disabled
2024-12-09T17:00:50.653+09:00  INFO 25640 --- [    Test worker] o.s.o.j.p.SpringPersistenceUnitInfo      : No LoadTimeWeaver setup: ignoring JPA class transformer
2024-12-09T17:00:50.690+09:00  INFO 25640 --- [    Test worker] com.zaxxer.hikari.HikariDataSource       : HikariPool-1 - Starting...
2024-12-09T17:00:51.760+09:00  INFO 25640 --- [    Test worker] com.zaxxer.hikari.pool.HikariPool        : HikariPool-1 - Added connection com.mysql.cj.jdbc.ConnectionImpl@29ea5e0
2024-12-09T17:00:51.765+09:00  INFO 25640 --- [    Test worker] com.zaxxer.hikari.HikariDataSource       : HikariPool-1 - Start completed.
2024-12-09T17:00:52.878+09:00  INFO 25640 --- [    Test worker] o.h.e.t.j.p.i.JtaPlatformInitiator       : HHH000489: No JTA platform available (set 'hibernate.transaction.jta.platform' to enable JTA platform integration)
2024-12-09T17:00:53.365+09:00  INFO 25640 --- [    Test worker] j.LocalContainerEntityManagerFactoryBean : Initialized JPA EntityManagerFactory for persistence unit 'default'
2024-12-09T17:00:53.897+09:00  INFO 25640 --- [    Test worker] o.s.d.j.r.query.QueryEnhancerFactory     : Hibernate is in classpath; If applicable, HQL parser will be used.
2024-12-09T17:00:54.822+09:00  WARN 25640 --- [    Test worker] JpaBaseConfiguration$JpaWebConfiguration : spring.jpa.open-in-view is enabled by default. Therefore, database queries may be performed during view rendering. Explicitly configure spring.jpa.open-in-view to disable this warning
2024-12-09T17:00:56.842+09:00  INFO 25640 --- [    Test worker] k.k.h.d.member.MemberRepositoryTest      : Started MemberRepositoryTest in 8.804 seconds (process running for 10.346)
Hibernate: 
    select
        me1_0.mem_id,
        me1_0.birth,
        me1_0.email,
        me1_0.gender,
        me1_0.login_date,
        me1_0.mem_name,
        me1_0.mem_pass,
        me1_0.role,
        me1_0.sign_date 
    from
        member me1_0 
    where
        me1_0.mem_id=?
=================
admin001
admin001@gmail.com
ADMIN
=================
]]></system-out>
  <system-err><![CDATA[]]></system-err>
</testsuite>
